<?xml version="1.0" encoding="utf-8"?><testsuites name="pytest tests"><testsuite name="pytest" errors="0" failures="0" skipped="0" tests="19" time="1.529" timestamp="2026-04-19T18:19:25.958143+00:00" hostname="agent-env-a7621ede-f9fa-4691-9dd4-d119c44c1251"><testcase classname="backend.tests.test_kido_api" name="test_health" time="0.332" /><testcase classname="backend.tests.test_kido_api" name="test_create_chain" time="0.070" /><testcase classname="backend.tests.test_kido_api" name="test_get_chain" time="0.104" /><testcase classname="backend.tests.test_kido_api" name="test_get_member" time="0.057" /><testcase classname="backend.tests.test_kido_api" name="test_create_invitation" time="0.057" /><testcase classname="backend.tests.test_kido_api" name="test_get_invitation_by_token" time="0.090" /><testcase classname="backend.tests.test_kido_api" name="test_update_preferences" time="0.049" /><testcase classname="backend.tests.test_kido_api" name="test_calculate_plan" time="0.065" /><testcase classname="backend.tests.test_kido_api" name="test_get_weekend_plan" time="0.045" /><testcase classname="backend.tests.test_kido_api" name="test_vote_plan" time="0.091" /><testcase classname="backend.tests.test_kido_api" name="test_get_swiss_holidays_zh" time="0.046" /><testcase classname="backend.tests.test_kido_api" name="test_get_swiss_holidays_be" time="0.042" /><testcase classname="backend.tests.test_kido_api" name="test_create_holiday_wish" time="0.056" /><testcase classname="backend.tests.test_kido_api" name="test_get_holiday_wishes" time="0.055" /><testcase classname="backend.tests.test_kido_api" name="test_send_chain_message" time="0.057" /><testcase classname="backend.tests.test_kido_api" name="test_send_kido_message" time="0.041" /><testcase classname="backend.tests.test_kido_api" name="test_get_kido_messages" time="0.047" /><testcase classname="backend.tests.test_kido_api" name="test_get_chain_messages" time="0.047" /><testcase classname="backend.tests.test_kido_api" name="test_update_user" time="0.053" /></testsuite></testsuites>